<?xml version="1.0" encoding="UTF-8"?>
<!-- Generated by org.testng.reporters.JUnitXMLReporter -->
<testsuite hostname="DESKTOP-QS8IMHF" name="ZohoHomePageTest" tests="2" failures="1" timestamp="3 Aug 2019 04:39:05 GMT" time="46.018" errors="0">
  <testcase name="clickOnLoginBtn" time="0.025" classname="zoho.homepage.suitepack.ZohoHomePageTest">
    <failure type="java.lang.NullPointerException">
      <![CDATA[java.lang.NullPointerException
	at zoho.homepage.pageclass.ZohoHomepage.clickOnLoginBtn(ZohoHomepage.java:37)
	at zoho.homepage.suitepack.ZohoHomePageTest.clickOnLoginBtn(ZohoHomePageTest.java:36)
... Removed 24 stack frames]]>
    </failure>
  </testcase> <!-- clickOnLoginBtn -->
  <testcase name="validateZohoHomepageTitle" time="0.02" classname="zoho.homepage.suitepack.ZohoHomePageTest"/>
</testsuite> <!-- ZohoHomePageTest -->
