<?xml version="1.0" encoding="UTF-8"?>
<testng-results skipped="0" failed="1" total="2" passed="1">
  <reporter-output>
  </reporter-output>
  <suite name="ZohoHomePageSuite" duration-ms="46018" started-at="2019-08-03T04:38:19Z" finished-at="2019-08-03T04:39:05Z">
    <groups>
    </groups>
    <test name="ZohoHomePageTest" duration-ms="46018" started-at="2019-08-03T04:38:19Z" finished-at="2019-08-03T04:39:05Z">
      <class name="zoho.homepage.suitepack.ZohoHomePageTest">
        <test-method status="PASS" signature="intialSetUp()[pri:0, instance:zoho.homepage.suitepack.ZohoHomePageTest@6eceb130]" name="intialSetUp" is-config="true" duration-ms="17" started-at="2019-08-03T10:08:19Z" finished-at="2019-08-03T10:08:19Z">
          <reporter-output>
          </reporter-output>
        </test-method> <!-- intialSetUp -->
        <test-method status="PASS" signature="initialization()[pri:0, instance:zoho.homepage.suitepack.ZohoHomePageTest@6eceb130]" name="initialization" is-config="true" duration-ms="24040" started-at="2019-08-03T10:08:19Z" finished-at="2019-08-03T10:08:43Z">
          <reporter-output>
          </reporter-output>
        </test-method> <!-- initialization -->
        <test-method status="FAIL" signature="clickOnLoginBtn()[pri:0, instance:zoho.homepage.suitepack.ZohoHomePageTest@6eceb130]" name="clickOnLoginBtn" duration-ms="25" started-at="2019-08-03T10:08:43Z" finished-at="2019-08-03T10:08:43Z">
          <exception class="java.lang.NullPointerException">
            <full-stacktrace>
              <![CDATA[java.lang.NullPointerException
	at zoho.homepage.pageclass.ZohoHomepage.clickOnLoginBtn(ZohoHomepage.java:37)
	at zoho.homepage.suitepack.ZohoHomePageTest.clickOnLoginBtn(ZohoHomePageTest.java:36)
	at sun.reflect.NativeMethodAccessorImpl.invoke0(Native Method)
	at sun.reflect.NativeMethodAccessorImpl.invoke(NativeMethodAccessorImpl.java:62)
	at sun.reflect.DelegatingMethodAccessorImpl.invoke(DelegatingMethodAccessorImpl.java:43)
	at java.lang.reflect.Method.invoke(Method.java:498)
	at org.testng.internal.MethodInvocationHelper.invokeMethod(MethodInvocationHelper.java:85)
	at org.testng.internal.Invoker.invokeMethod(Invoker.java:639)
	at org.testng.internal.Invoker.invokeTestMethod(Invoker.java:816)
	at org.testng.internal.Invoker.invokeTestMethods(Invoker.java:1124)
	at org.testng.internal.TestMethodWorker.invokeTestMethods(TestMethodWorker.java:125)
	at org.testng.internal.TestMethodWorker.run(TestMethodWorker.java:108)
	at org.testng.TestRunner.privateRun(TestRunner.java:774)
	at org.testng.TestRunner.run(TestRunner.java:624)
	at org.testng.SuiteRunner.runTest(SuiteRunner.java:359)
	at org.testng.SuiteRunner.runSequentially(SuiteRunner.java:354)
	at org.testng.SuiteRunner.privateRun(SuiteRunner.java:312)
	at org.testng.SuiteRunner.run(SuiteRunner.java:261)
	at org.testng.SuiteRunnerWorker.runSuite(SuiteRunnerWorker.java:52)
	at org.testng.SuiteRunnerWorker.run(SuiteRunnerWorker.java:86)
	at org.testng.TestNG.runSuitesSequentially(TestNG.java:1215)
	at org.testng.TestNG.runSuitesLocally(TestNG.java:1140)
	at org.testng.TestNG.run(TestNG.java:1048)
	at org.testng.remote.AbstractRemoteTestNG.run(AbstractRemoteTestNG.java:132)
	at org.testng.remote.RemoteTestNG.initAndRun(RemoteTestNG.java:236)
	at org.testng.remote.RemoteTestNG.main(RemoteTestNG.java:81)
]]>
            </full-stacktrace>
          </exception> <!-- java.lang.NullPointerException -->
          <reporter-output>
          </reporter-output>
        </test-method> <!-- clickOnLoginBtn -->
        <test-method status="PASS" signature="quit()[pri:0, instance:zoho.homepage.suitepack.ZohoHomePageTest@6eceb130]" name="quit" is-config="true" duration-ms="759" started-at="2019-08-03T10:08:44Z" finished-at="2019-08-03T10:08:44Z">
          <reporter-output>
          </reporter-output>
        </test-method> <!-- quit -->
        <test-method status="PASS" signature="initialization()[pri:0, instance:zoho.homepage.suitepack.ZohoHomePageTest@6eceb130]" name="initialization" is-config="true" duration-ms="19635" started-at="2019-08-03T10:08:44Z" finished-at="2019-08-03T10:09:04Z">
          <reporter-output>
          </reporter-output>
        </test-method> <!-- initialization -->
        <test-method status="PASS" signature="validateZohoHomepageTitle()[pri:0, instance:zoho.homepage.suitepack.ZohoHomePageTest@6eceb130]" name="validateZohoHomepageTitle" duration-ms="20" started-at="2019-08-03T10:09:04Z" finished-at="2019-08-03T10:09:04Z">
          <reporter-output>
          </reporter-output>
        </test-method> <!-- validateZohoHomepageTitle -->
        <test-method status="PASS" signature="quit()[pri:0, instance:zoho.homepage.suitepack.ZohoHomePageTest@6eceb130]" name="quit" is-config="true" duration-ms="833" started-at="2019-08-03T10:09:04Z" finished-at="2019-08-03T10:09:05Z">
          <reporter-output>
          </reporter-output>
        </test-method> <!-- quit -->
      </class> <!-- zoho.homepage.suitepack.ZohoHomePageTest -->
    </test> <!-- ZohoHomePageTest -->
  </suite> <!-- ZohoHomePageSuite -->
</testng-results>
